[35m[1mConsolidate compiler generated dependencies of target states_machine[0m
[ 43%] Built target control_ZMP
[ 43%] Built target gamming
[ 62%] Built target control_MSD
[ 50%] Built target frame
[ 50%] Built target cables_robot
[ 75%] Built target kinematic_model
[ 87%] [32mBuilding CXX object CMakeFiles/states_machine.dir/src/states_machine.cpp.o[0m
[ 93%] Built target traj_generator_server
In file included from [01m[K/home/jcarballeira/nimble_ws/src/nimble/src/states_machine.cpp:8[m[K:
[01m[K/home/jcarballeira/nimble_ws/src/nimble/include/state_machine/stateMachine.hpp:25:5:[m[K [01;31m[Kerror: [m[Kâ€˜[01m[Krajectory_msgs[m[Kâ€™ does not name a type
   25 |     [01;31m[Krajectory_msgs[m[K::msg::JointTrajectory serv_response;
      |     [01;31m[K^~~~~~~~~~~~~~[m[K
[01m[K/home/jcarballeira/nimble_ws/src/nimble/src/states_machine.cpp:[m[K In member function â€˜[01m[Kvoid stateMachine::StatesMachineNode::call_TrajGenerationService(const Measurements&, const TherapyRequirements&)[m[Kâ€™:
[01m[K/home/jcarballeira/nimble_ws/src/nimble/src/states_machine.cpp:169:18:[m[K [01;31m[Kerror: [m[Kâ€˜[01m[Kstruct stateMachine::SharedData[m[Kâ€™ has no member named â€˜[01m[Kserv_response[m[Kâ€™
  169 |     shared_data_.[01;31m[Kserv_response[m[K=result.get()->joints_trajectory;
      |                  [01;31m[K^~~~~~~~~~~~~[m[K
gmake[2]: *** [CMakeFiles/states_machine.dir/build.make:76: CMakeFiles/states_machine.dir/src/states_machine.cpp.o] Error 1
gmake[1]: *** [CMakeFiles/Makefile2:177: CMakeFiles/states_machine.dir/all] Error 2
gmake: *** [Makefile:146: all] Error 2
