Traceback (most recent call last):
  File "<frozen importlib._bootstrap_external>", line 1372, in _path_importer_cache
KeyError: '/home/jcarballeira/.local/lib/python3.10/site-packages/setuptools/_vendor/packaging'

During handling of the above exception, another exception occurred:

Traceback (most recent call last):
  File "/home/jcarballeira/nimble_ws/src/build/nimble_interfaces/ament_cmake_python/nimble_interfaces/setup.py", line 1, in <module>
    from setuptools import find_packages
  File "/home/jcarballeira/.local/lib/python3.10/site-packages/setuptools/__init__.py", line 18, in <module>
    from setuptools.dist import Distribution
  File "/home/jcarballeira/.local/lib/python3.10/site-packages/setuptools/dist.py", line 30, in <module>
    from setuptools.extern import packaging
  File "<frozen importlib._bootstrap>", line 1027, in _find_and_load
  File "<frozen importlib._bootstrap>", line 1006, in _find_and_load_unlocked
  File "<frozen importlib._bootstrap>", line 674, in _load_unlocked
  File "<frozen importlib._bootstrap>", line 571, in module_from_spec
  File "/home/jcarballeira/.local/lib/python3.10/site-packages/setuptools/extern/__init__.py", line 52, in create_module
    return self.load_module(spec.name)
  File "/home/jcarballeira/.local/lib/python3.10/site-packages/setuptools/extern/__init__.py", line 37, in load_module
    __import__(extant)
  File "/home/jcarballeira/.local/lib/python3.10/site-packages/setuptools/_vendor/packaging/__init__.py", line 6, in <module>
    from .__about__ import (
  File "<frozen importlib._bootstrap>", line 1027, in _find_and_load
  File "<frozen importlib._bootstrap>", line 1002, in _find_and_load_unlocked
  File "<frozen importlib._bootstrap>", line 945, in _find_spec
  File "<frozen importlib._bootstrap_external>", line 1439, in find_spec
  File "<frozen importlib._bootstrap_external>", line 1408, in _get_spec
  File "<frozen importlib._bootstrap_external>", line 1372, in _path_importer_cache
KeyboardInterrupt
gmake[2]: *** [CMakeFiles/ament_cmake_python_build_nimble_interfaces_egg.dir/build.make:70: CMakeFiles/ament_cmake_python_build_nimble_interfaces_egg] Interrupt
gmake[1]: *** [CMakeFiles/Makefile2:447: CMakeFiles/ament_cmake_python_build_nimble_interfaces_egg.dir/all] Interrupt
gmake: *** [Makefile:146: all] Interrupt
