[0.093s] Invoking command in '/home/jcarballeira/nimble_ws/src/build/nimble_interfaces': CMAKE_PREFIX_PATH=${CMAKE_PREFIX_PATH}:/home/jcarballeira/evloc_ws/install/evloc:/opt/ros/humble /usr/bin/cmake --build /home/jcarballeira/nimble_ws/src/build/nimble_interfaces -- -j8 -l8
[0.144s] [ 11%] Built target nimble_interfaces__rosidl_generator_c
[0.144s] [ 12%] Built target nimble_interfaces__cpp
[0.150s] [ 12%] Built target ament_cmake_python_symlink_nimble_interfaces
[0.174s] [ 33%] Built target nimble_interfaces__rosidl_typesupport_fastrtps_c
[0.175s] [ 39%] Built target nimble_interfaces__rosidl_typesupport_c
[0.175s] [ 56%] Built target nimble_interfaces__rosidl_typesupport_introspection_c
[0.175s] [ 57%] Built target nimble_interfaces__rosidl_typesupport_introspection_cpp
[0.181s] [ 69%] Built target nimble_interfaces__rosidl_typesupport_fastrtps_cpp
[0.182s] [ 80%] Built target nimble_interfaces__rosidl_typesupport_cpp
[0.200s] [ 80%] Built target nimble_interfaces
[0.219s] [ 81%] Built target nimble_interfaces__py
[0.245s] [ 91%] Built target nimble_interfaces__rosidl_generator_py
[0.267s] [ 97%] Built target nimble_interfaces__rosidl_typesupport_introspection_c__pyext
[0.267s] [ 97%] Built target nimble_interfaces__rosidl_typesupport_fastrtps_c__pyext
[0.271s] [100%] Built target nimble_interfaces__rosidl_typesupport_c__pyext
[0.400s] Traceback (most recent call last):
[0.401s]   File "<frozen importlib._bootstrap_external>", line 1372, in _path_importer_cache
[0.401s] KeyError: '/home/jcarballeira/.local/lib/python3.10/site-packages/setuptools/_vendor/packaging'
[0.401s] 
[0.401s] During handling of the above exception, another exception occurred:
[0.401s] 
[0.401s] Traceback (most recent call last):
[0.401s]   File "/home/jcarballeira/nimble_ws/src/build/nimble_interfaces/ament_cmake_python/nimble_interfaces/setup.py", line 1, in <module>
[0.401s]     from setuptools import find_packages
[0.401s]   File "/home/jcarballeira/.local/lib/python3.10/site-packages/setuptools/__init__.py", line 18, in <module>
[0.405s]     from setuptools.dist import Distribution
[0.405s]   File "/home/jcarballeira/.local/lib/python3.10/site-packages/setuptools/dist.py", line 30, in <module>
[0.405s]     from setuptools.extern import packaging
[0.405s]   File "<frozen importlib._bootstrap>", line 1027, in _find_and_load
[0.405s]   File "<frozen importlib._bootstrap>", line 1006, in _find_and_load_unlocked
[0.405s]   File "<frozen importlib._bootstrap>", line 674, in _load_unlocked
[0.405s]   File "<frozen importlib._bootstrap>", line 571, in module_from_spec
[0.406s]   File "/home/jcarballeira/.local/lib/python3.10/site-packages/setuptools/extern/__init__.py", line 52, in create_module
[0.406s]     return self.load_module(spec.name)
[0.406s]   File "/home/jcarballeira/.local/lib/python3.10/site-packages/setuptools/extern/__init__.py", line 37, in load_module
[0.406s]     __import__(extant)
[0.406s]   File "/home/jcarballeira/.local/lib/python3.10/site-packages/setuptools/_vendor/packaging/__init__.py", line 6, in <module>
[0.406s]     from .__about__ import (
[0.406s]   File "<frozen importlib._bootstrap>", line 1027, in _find_and_load
[0.406s]   File "<frozen importlib._bootstrap>", line 1002, in _find_and_load_unlocked
[0.406s]   File "<frozen importlib._bootstrap>", line 945, in _find_spec
[0.406s]   File "<frozen importlib._bootstrap_external>", line 1439, in find_spec
[0.406s]   File "<frozen importlib._bootstrap_external>", line 1408, in _get_spec
[0.406s]   File "<frozen importlib._bootstrap_external>", line 1372, in _path_importer_cache
[0.406s] KeyboardInterrupt
[0.420s] gmake[2]: *** [CMakeFiles/ament_cmake_python_build_nimble_interfaces_egg.dir/build.make:70: CMakeFiles/ament_cmake_python_build_nimble_interfaces_egg] Interrupt
[0.420s] gmake[1]: *** [CMakeFiles/Makefile2:447: CMakeFiles/ament_cmake_python_build_nimble_interfaces_egg.dir/all] Interrupt
[0.420s] gmake: *** [Makefile:146: all] Interrupt
[0.421s] Invoked command in '/home/jcarballeira/nimble_ws/src/build/nimble_interfaces' returned '-2': CMAKE_PREFIX_PATH=${CMAKE_PREFIX_PATH}:/home/jcarballeira/evloc_ws/install/evloc:/opt/ros/humble /usr/bin/cmake --build /home/jcarballeira/nimble_ws/src/build/nimble_interfaces -- -j8 -l8
