[0.101s] Invoking command in '/home/jcarballeira/nimble_ws/src/build/nimble': AMENT_PREFIX_PATH=/home/jcarballeira/nimble_ws/src/install/nimble_interfaces:${AMENT_PREFIX_PATH} CMAKE_PREFIX_PATH=/home/jcarballeira/nimble_ws/src/install/nimble_interfaces:/home/jcarballeira/nimble_ws/install/nimble:/home/jcarballeira/nimble_ws/install/nimble_interfaces:/home/jcarballeira/evloc_ws/install/evloc:/opt/ros/humble LD_LIBRARY_PATH=/home/jcarballeira/nimble_ws/src/install/nimble_interfaces/lib:${LD_LIBRARY_PATH} PYTHONPATH=/home/jcarballeira/nimble_ws/src/install/nimble_interfaces/local/lib/python3.10/dist-packages:${PYTHONPATH} /usr/bin/cmake --build /home/jcarballeira/nimble_ws/src/build/nimble -- -j8 -l8
[0.146s] [35m[1mConsolidate compiler generated dependencies of target states_machine[0m
[0.164s] [ 75%] Built target control_MSD
[0.165s] [ 75%] Built target control_ZMP
[0.165s] [ 62%] Built target gamming
[0.165s] [ 75%] Built target frame
[0.165s] [ 62%] Built target kinematic_model
[0.165s] [ 62%] Built target cables_robot
[0.171s] [ 81%] [32mBuilding CXX object CMakeFiles/states_machine.dir/src/states_machine.cpp.o[0m
[0.171s] [ 93%] Built target traj_generator_server
[2.976s] [01m[K/home/jcarballeira/nimble_ws/src/nimble/src/states_machine.cpp:[m[K In member function â€˜[01m[Kvoid stateMachine::StatesMachineNode::call_TrajGenerationService(const Measurements&, const TherapyRequirements&)[m[Kâ€™:
[2.976s] [01m[K/home/jcarballeira/nimble_ws/src/nimble/src/states_machine.cpp:203:15:[m[K [01;31m[Kerror: [m[Kâ€˜[01m[Kstruct std_msgs::msg::Float32MultiArray_<std::allocator<void> >[m[Kâ€™ has no member named â€˜[01m[Kpush_back[m[Kâ€™
[2.976s]   203 |         phase.[01;31m[Kpush_back[m[K(i);
[2.976s]       |               [01;31m[K^~~~~~~~~[m[K
[2.976s] [01m[K/home/jcarballeira/nimble_ws/src/nimble/src/states_machine.cpp:[m[K In member function â€˜[01m[Kfloat stateMachine::StatesMachineNode::get_step_percent()[m[Kâ€™:
[2.976s] [01m[K/home/jcarballeira/nimble_ws/src/nimble/src/states_machine.cpp:214:38:[m[K [01;31m[Kerror: [m[Kâ€˜[01m[Kstruct stateMachine::SharedData[m[Kâ€™ has no member named â€˜[01m[Kjoints_target[m[Kâ€™; did you mean â€˜[01m[Kjoints_state[m[Kâ€™?
[2.976s]   214 |     size_t num_points = shared_data_.[01;31m[Kjoints_target[m[K.points.size();
[2.977s]       |                                      [01;31m[K^~~~~~~~~~~~~[m[K
[2.977s]       |                                      [32m[Kjoints_state[m[K
[2.977s] [01m[K/home/jcarballeira/nimble_ws/src/nimble/src/states_machine.cpp:[m[K At global scope:
[2.977s] [01m[K/home/jcarballeira/nimble_ws/src/nimble/src/states_machine.cpp:240:44:[m[K [01;31m[Kerror: [m[Kno declaration matches â€˜[01m[Ktrajectory_msgs::msg::JointTrajectoryPoint stateMachine::StatesMachineNode::get_actual_joint_state(float)[m[Kâ€™
[2.977s]   240 | trajectory_msgs::msg::JointTrajectoryPoint [01;31m[KStatesMachineNode[m[K::get_actual_joint_state(float step_percent) {
[2.977s]       |                                            [01;31m[K^~~~~~~~~~~~~~~~~[m[K
[2.977s] In file included from [01m[K/home/jcarballeira/nimble_ws/src/nimble/src/states_machine.cpp:8[m[K:
[2.977s] [01m[K/home/jcarballeira/nimble_ws/src/nimble/include/state_machine/stateMachine.hpp:109:48:[m[K [01;36m[Knote: [m[Kcandidate is: â€˜[01m[Ktrajectory_msgs::msg::JointTrajectoryPoint stateMachine::StatesMachineNode::get_actual_joint_state(int)[m[Kâ€™
[2.977s]   109 |     trajectory_msgs::msg::JointTrajectoryPoint [01;36m[Kget_actual_joint_state[m[K(int step_percent);
[2.977s]       |                                                [01;36m[K^~~~~~~~~~~~~~~~~~~~~~[m[K
[2.978s] In file included from [01m[K/home/jcarballeira/nimble_ws/src/nimble/src/states_machine.cpp:8[m[K:
[2.978s] [01m[K/home/jcarballeira/nimble_ws/src/nimble/include/state_machine/stateMachine.hpp:58:7:[m[K [01;36m[Knote: [m[Kâ€˜[01m[Kclass stateMachine::StatesMachineNode[m[Kâ€™ defined here
[2.978s]    58 | class [01;36m[KStatesMachineNode[m[K : public rclcpp::Node
[2.978s]       |       [01;36m[K^~~~~~~~~~~~~~~~~[m[K
[2.978s] [01m[K/home/jcarballeira/nimble_ws/src/nimble/src/states_machine.cpp:[m[K In member function â€˜[01m[Kvoid stateMachine::StatesMachineNode::call_back_cartesian_trajectory(const CartesianTrajectory&)[m[Kâ€™:
[2.978s] [01m[K/home/jcarballeira/nimble_ws/src/nimble/src/states_machine.cpp:286:16:[m[K [01;31m[Kerror: [m[Kâ€˜[01m[Kstruct stateMachine::SharedData[m[Kâ€™ has no member named â€˜[01m[Kcartesian_trajectory[m[Kâ€™; did you mean â€˜[01m[Kcartesian_target[m[Kâ€™?
[2.978s]   286 |   shared_data_.[01;31m[Kcartesian_trajectory[m[K = cartesian_trajectory_msg;
[2.978s]       |                [01;31m[K^~~~~~~~~~~~~~~~~~~~[m[K
[2.978s]       |                [32m[Kcartesian_target[m[K
[2.978s] [01m[K/home/jcarballeira/nimble_ws/src/nimble/src/states_machine.cpp:[m[K In member function â€˜[01m[Kvoid stateMachine::StatesMachineNode::call_back_joints_current_target()[m[Kâ€™:
[2.978s] [01m[K/home/jcarballeira/nimble_ws/src/nimble/src/states_machine.cpp:329:39:[m[K [01;31m[Kerror: [m[Kâ€˜[01m[Kusing JointsTrajectory = struct nimble_interfaces::msg::JointsTrajectory_<std::allocator<void> >[m[Kâ€™ {aka â€˜[01m[Kstruct nimble_interfaces::msg::JointsTrajectory_<std::allocator<void> >[m[Kâ€™} has no member named â€˜[01m[Kpoints[m[Kâ€™
[2.978s]   329 |   if (!shared_data_.joints_trajectory.[01;31m[Kpoints[m[K.empty()) {
[2.979s]       |                                       [01;31m[K^~~~~~[m[K
[2.979s] [01m[K/home/jcarballeira/nimble_ws/src/nimble/src/states_machine.cpp:331:33:[m[K [01;31m[Kerror: [m[Kno match for â€˜[01m[Koperator=[m[Kâ€™ (operand types are â€˜[01m[Knimble_interfaces::msg::JointsTrajectory_<std::allocator<void> >::_phase_type[m[Kâ€™ {aka â€˜[01m[Kstd_msgs::msg::Float32MultiArray_<std::allocator<void> >[m[Kâ€™} and â€˜[01m[Kfloat[m[Kâ€™)
[2.979s]   331 |     curr_target_message.phase = [01;31m[Kpercent[m[K;
[2.979s]       |                                 [01;31m[K^~~~~~~[m[K
[2.979s] In file included from [01m[K/opt/ros/humble/include/std_msgs/std_msgs/msg/float32_multi_array.hpp:7[m[K,
[2.979s]                  from [01m[K/home/jcarballeira/nimble_ws/src/nimble/include/state_machine/stateMachine.hpp:8[m[K,
[2.979s]                  from [01m[K/home/jcarballeira/nimble_ws/src/nimble/src/states_machine.cpp:8[m[K:
[2.979s] [01m[K/opt/ros/humble/include/std_msgs/std_msgs/msg/detail/float32_multi_array__struct.hpp:36:8:[m[K [01;36m[Knote: [m[Kcandidate: â€˜[01m[Kstd_msgs::msg::Float32MultiArray_<std::allocator<void> >& std_msgs::msg::Float32MultiArray_<std::allocator<void> >::operator=(const std_msgs::msg::Float32MultiArray_<std::allocator<void> >&)[m[Kâ€™
[2.979s]    36 | struct [01;36m[KFloat32MultiArray_[m[K
[2.979s]       |        [01;36m[K^~~~~~~~~~~~~~~~~~[m[K
[2.979s] [01m[K/opt/ros/humble/include/std_msgs/std_msgs/msg/detail/float32_multi_array__struct.hpp:36:8:[m[K [01;36m[Knote: [m[K  no known conversion for argument 1 from â€˜[01m[Kfloat[m[Kâ€™ to â€˜[01m[Kconst std_msgs::msg::Float32MultiArray_<std::allocator<void> >&[m[Kâ€™
[2.979s] [01m[K/opt/ros/humble/include/std_msgs/std_msgs/msg/detail/float32_multi_array__struct.hpp:36:8:[m[K [01;36m[Knote: [m[Kcandidate: â€˜[01m[Kstd_msgs::msg::Float32MultiArray_<std::allocator<void> >& std_msgs::msg::Float32MultiArray_<std::allocator<void> >::operator=(std_msgs::msg::Float32MultiArray_<std::allocator<void> >&&)[m[Kâ€™
[2.979s] [01m[K/opt/ros/humble/include/std_msgs/std_msgs/msg/detail/float32_multi_array__struct.hpp:36:8:[m[K [01;36m[Knote: [m[K  no known conversion for argument 1 from â€˜[01m[Kfloat[m[Kâ€™ to â€˜[01m[Kstd_msgs::msg::Float32MultiArray_<std::allocator<void> >&&[m[Kâ€™
[2.979s] [01m[K/home/jcarballeira/nimble_ws/src/nimble/src/states_machine.cpp:332:44:[m[K [01;31m[Kerror: [m[Kno match for â€˜[01m[Koperator=[m[Kâ€™ (operand types are â€˜[01m[Knimble_interfaces::msg::JointsTrajectory_<std::allocator<void> >::_joint_trajectory_type[m[Kâ€™ {aka â€˜[01m[Ktrajectory_msgs::msg::JointTrajectory_<std::allocator<void> >[m[Kâ€™} and â€˜[01m[Ktrajectory_msgs::msg::JointTrajectoryPoint[m[Kâ€™ {aka â€˜[01m[Ktrajectory_msgs::msg::JointTrajectoryPoint_<std::allocator<void> >[m[Kâ€™})
[2.979s]   332 |     curr_target_message.joint_trajectory = [01;31m[Kcurr_target[m[K;
[2.979s]       |                                            [01;31m[K^~~~~~~~~~~[m[K
[2.980s] In file included from [01m[K/home/jcarballeira/nimble_ws/src/build/nimble_interfaces/rosidl_generator_cpp/nimble_interfaces/srv/detail/traj_generator_service__struct.hpp:147[m[K,
[2.980s]                  from [01m[K/home/jcarballeira/nimble_ws/src/build/nimble_interfaces/rosidl_generator_cpp/nimble_interfaces/srv/traj_generator_service.hpp:7[m[K,
[2.980s]                  from [01m[K/home/jcarballeira/nimble_ws/src/nimble/src/states_machine.cpp:7[m[K:
[2.980s] [01m[K/opt/ros/humble/include/trajectory_msgs/trajectory_msgs/msg/detail/joint_trajectory__struct.hpp:38:8:[m[K [01;36m[Knote: [m[Kcandidate: â€˜[01m[Ktrajectory_msgs::msg::JointTrajectory_<std::allocator<void> >& trajectory_msgs::msg::JointTrajectory_<std::allocator<void> >::operator=(const trajectory_msgs::msg::JointTrajectory_<std::allocator<void> >&)[m[Kâ€™
[2.980s]    38 | struct [01;36m[KJointTrajectory_[m[K
[2.980s]       |        [01;36m[K^~~~~~~~~~~~~~~~[m[K
[2.980s] [01m[K/opt/ros/humble/include/trajectory_msgs/trajectory_msgs/msg/detail/joint_trajectory__struct.hpp:38:8:[m[K [01;36m[Knote: [m[K  no known conversion for argument 1 from â€˜[01m[Ktrajectory_msgs::msg::JointTrajectoryPoint[m[Kâ€™ {aka â€˜[01m[Ktrajectory_msgs::msg::JointTrajectoryPoint_<std::allocator<void> >[m[Kâ€™} to â€˜[01m[Kconst trajectory_msgs::msg::JointTrajectory_<std::allocator<void> >&[m[Kâ€™
[2.980s] [01m[K/opt/ros/humble/include/trajectory_msgs/trajectory_msgs/msg/detail/joint_trajectory__struct.hpp:38:8:[m[K [01;36m[Knote: [m[Kcandidate: â€˜[01m[Ktrajectory_msgs::msg::JointTrajectory_<std::allocator<void> >& trajectory_msgs::msg::JointTrajectory_<std::allocator<void> >::operator=(trajectory_msgs::msg::JointTrajectory_<std::allocator<void> >&&)[m[Kâ€™
[2.980s] [01m[K/opt/ros/humble/include/trajectory_msgs/trajectory_msgs/msg/detail/joint_trajectory__struct.hpp:38:8:[m[K [01;36m[Knote: [m[K  no known conversion for argument 1 from â€˜[01m[Ktrajectory_msgs::msg::JointTrajectoryPoint[m[Kâ€™ {aka â€˜[01m[Ktrajectory_msgs::msg::JointTrajectoryPoint_<std::allocator<void> >[m[Kâ€™} to â€˜[01m[Ktrajectory_msgs::msg::JointTrajectory_<std::allocator<void> >&&[m[Kâ€™
[2.980s] [01m[K/home/jcarballeira/nimble_ws/src/nimble/src/states_machine.cpp:[m[K In member function â€˜[01m[Kvoid stateMachine::StatesMachineNode::call_back_joints_trajectory_timer()[m[Kâ€™:
[2.980s] [01m[K/home/jcarballeira/nimble_ws/src/nimble/src/states_machine.cpp:340:39:[m[K [01;31m[Kerror: [m[Kâ€˜[01m[Kusing JointsTrajectory = struct nimble_interfaces::msg::JointsTrajectory_<std::allocator<void> >[m[Kâ€™ {aka â€˜[01m[Kstruct nimble_interfaces::msg::JointsTrajectory_<std::allocator<void> >[m[Kâ€™} has no member named â€˜[01m[Kpoints[m[Kâ€™
[2.980s]   340 |   if (!shared_data_.joints_trajectory.[01;31m[Kpoints[m[K.empty()) {
[2.980s]       |                                       [01;31m[K^~~~~~[m[K
[11.474s] gmake[2]: *** [CMakeFiles/states_machine.dir/build.make:76: CMakeFiles/states_machine.dir/src/states_machine.cpp.o] Error 1
[11.474s] gmake[1]: *** [CMakeFiles/Makefile2:177: CMakeFiles/states_machine.dir/all] Error 2
[11.474s] gmake: *** [Makefile:146: all] Error 2
[11.477s] Invoked command in '/home/jcarballeira/nimble_ws/src/build/nimble' returned '2': AMENT_PREFIX_PATH=/home/jcarballeira/nimble_ws/src/install/nimble_interfaces:${AMENT_PREFIX_PATH} CMAKE_PREFIX_PATH=/home/jcarballeira/nimble_ws/src/install/nimble_interfaces:/home/jcarballeira/nimble_ws/install/nimble:/home/jcarballeira/nimble_ws/install/nimble_interfaces:/home/jcarballeira/evloc_ws/install/evloc:/opt/ros/humble LD_LIBRARY_PATH=/home/jcarballeira/nimble_ws/src/install/nimble_interfaces/lib:${LD_LIBRARY_PATH} PYTHONPATH=/home/jcarballeira/nimble_ws/src/install/nimble_interfaces/local/lib/python3.10/dist-packages:${PYTHONPATH} /usr/bin/cmake --build /home/jcarballeira/nimble_ws/src/build/nimble -- -j8 -l8
